<?xml version="1.0" encoding="UTF-8"?>
<!-- Generated by org.testng.reporters.JUnitXMLReporter -->
<testsuite ignored="0" hostname="LAPTOP-M92ACPEA" failures="1" tests="3" name="Test" time="57.727" errors="0" timestamp="2025-04-17T15:31:02 IST">
  <testcase classname="testCases.TC_003_LoginDDT" name="verify_LoginDDT" time="8.589"/>
  <testcase classname="testCases.TC_003_LoginDDT" name="verify_LoginDDT" time="25.998">
    <failure type="java.lang.AssertionError" message="null">
      <![CDATA[java.lang.AssertionError: null
at testCases.TC_003_LoginDDT.verify_LoginDDT(TC_003_LoginDDT.java:66)
at java.base/java.util.ArrayList.forEach(ArrayList.java:1597)
... Removed 31 stack frames]]>
    </failure>
  </testcase> <!-- verify_LoginDDT -->
  <testcase classname="testCases.TC_003_LoginDDT" name="verify_LoginDDT" time="6.84"/>
</testsuite> <!-- Test -->
