<?xml version="1.0" encoding="UTF-8"?>
<testng-results ignored="0" total="1" passed="1" failed="0" skipped="0">
  <reporter-output>
  </reporter-output>
  <suite started-at="2025-04-17T19:12:22 IST" name="Suite" finished-at="2025-04-17T19:12:35 IST" duration-ms="13165">
    <groups>
      <group name="Sanity">
        <method signature="Tc_002_loginTest.verify_login()[pri:0, instance:testCases.Tc_002_loginTest@34a875b3]" name="verify_login" class="testCases.Tc_002_loginTest"/>
      </group> <!-- Sanity -->
      <group name="master">
        <method signature="Tc_002_loginTest.verify_login()[pri:0, instance:testCases.Tc_002_loginTest@34a875b3]" name="verify_login" class="testCases.Tc_002_loginTest"/>
      </group> <!-- master -->
    </groups>
    <test started-at="2025-04-17T19:12:22 IST" name="chromeTest" finished-at="2025-04-17T19:12:35 IST" duration-ms="13165">
      <class name="testCases.Tc_002_loginTest">
        <test-method is-config="true" signature="setup(java.lang.String)[pri:0, instance:testCases.Tc_002_loginTest@34a875b3]" started-at="2025-04-17T19:12:22 IST" name="setup" finished-at="2025-04-17T19:12:34 IST" duration-ms="11561" status="PASS">
          <params>
            <param index="0">
              <value>
                <![CDATA[chrome]]>
              </value>
            </param>
          </params>
          <reporter-output>
          </reporter-output>
        </test-method> <!-- setup -->
        <test-method signature="verify_login()[pri:0, instance:testCases.Tc_002_loginTest@34a875b3]" started-at="2025-04-17T19:12:34 IST" name="verify_login" finished-at="2025-04-17T19:12:35 IST" duration-ms="1143" status="PASS">
          <reporter-output>
          </reporter-output>
        </test-method> <!-- verify_login -->
        <test-method is-config="true" signature="teardown()[pri:0, instance:testCases.Tc_002_loginTest@34a875b3]" started-at="2025-04-17T19:12:35 IST" name="teardown" finished-at="2025-04-17T19:12:35 IST" duration-ms="373" status="PASS">
          <reporter-output>
          </reporter-output>
        </test-method> <!-- teardown -->
      </class> <!-- testCases.Tc_002_loginTest -->
    </test> <!-- chromeTest -->
  </suite> <!-- Suite -->
</testng-results>
