<?xml version="1.0" encoding="UTF-8"?>
<!-- Generated by org.testng.reporters.JUnitXMLReporter -->
<testsuite ignored="1" hostname="LAPTOP-M92ACPEA" failures="2" tests="4" name="Test" time="120.35" errors="0" timestamp="2025-04-17T12:48:14 IST">
  <testcase classname="testCases.Tc_002_loginTest" name="verify_login" time="10.14">
    <failure type="java.lang.AssertionError" message="null">
      <![CDATA[java.lang.AssertionError: null
at testCases.Tc_002_loginTest.verify_login(Tc_002_loginTest.java:36)
at java.base/java.util.ArrayList.forEach(ArrayList.java:1597)
... Removed 27 stack frames]]>
    </failure>
  </testcase> <!-- verify_login -->
  <testcase classname="testCases.TC_003_LoginDDT" name="verify_LoginDDT" time="10.142"/>
  <testcase classname="testCases.TC_003_LoginDDT" name="verify_LoginDDT" time="20.861">
    <failure type="java.lang.AssertionError" message="null">
      <![CDATA[java.lang.AssertionError: null
at testCases.TC_003_LoginDDT.verify_LoginDDT(TC_003_LoginDDT.java:66)
at java.base/java.util.ArrayList.forEach(ArrayList.java:1597)
... Removed 27 stack frames]]>
    </failure>
  </testcase> <!-- verify_LoginDDT -->
  <testcase classname="testCases.TC_003_LoginDDT" name="verify_LoginDDT" time="4.812"/>
  <testcase classname="testCases.TC_001_AccountRegistrationTest" name="verify_Account_Registration" time="0.0">
    <ignored/>
  </testcase> <!-- verify_Account_Registration -->
</testsuite> <!-- Test -->
